2023-12-28 13:12:51:1251 - [32minfo[39m: [32mServer is running on port 3000[39m
2023-12-28 13:13:26:1326 - [32minfo[39m: [32mConectou ao banco de dados![39m
2023-12-28 13:13:26:1326 - [32minfo[39m: [32mServer is running on port 3000[39m
2023-12-28 13:13:48:1348 - [32minfo[39m: [32mConectou ao banco de dados![39m
2023-12-28 13:13:48:1348 - [32minfo[39m: [32mServer is running on port 3000[39m
2023-12-28 13:15:45:1545 - [31merror[39m: [31mNão foi possível conectar![39m
2023-12-28 13:15:45:1545 - [31merror[39m: [31mErro: Error: querySrv ENOTFOUND _mongodb._tcp.cluster0.vzlkzit.msongodb.net[39m
2023-12-28 13:15:45:1545 - [32minfo[39m: [32mServer is running on port 3000[39m
2023-12-28 13:15:52:1552 - [32minfo[39m: [32mConectou ao banco de dados![39m
2023-12-28 13:15:52:1552 - [32minfo[39m: [32mServer is running on port 3000[39m
2023-12-28 13:15:55:1555 - [32minfo[39m: [32mConectou ao banco de dados![39m
2023-12-28 13:15:55:1555 - [32minfo[39m: [32mServer is running on port 31000[39m
2023-12-28 13:16:01:161 - [32minfo[39m: [32mConectou ao banco de dados![39m
2023-12-28 13:16:01:161 - [32minfo[39m: [32mServer is running on port 31000[39m
2023-12-28 13:16:03:163 - [32minfo[39m: [32mConectou ao banco de dados![39m
2023-12-28 13:16:03:163 - [32minfo[39m: [32mServer is running on port 3000[39m
2023-12-28 13:16:27:1627 - [32minfo[39m: [32mConectou ao banco de dados![39m
2023-12-28 13:16:27:1627 - [32minfo[39m: [32mServer is running on port 3000[39m
2023-12-28 13:16:31:1631 - [31merror[39m: [31mNão foi possível conectar![39m
2023-12-28 13:16:40:1640 - [32minfo[39m: [32mConectou ao banco de dados![39m
2023-12-28 13:16:40:1640 - [32minfo[39m: [32mServer is running on port 3000[39m
2023-12-28 13:17:22:1722 - [32minfo[39m: [32mConectou ao banco de dados![39m
2023-12-28 13:17:22:1722 - [32minfo[39m: [32mServer is running on port 3000[39m
2023-12-28 13:45:55:4555 - [32minfo[39m: [32mConectou ao banco de dados![39m
2023-12-28 13:45:55:4555 - [32minfo[39m: [32mServer is running on port 3000[39m
2023-12-28 13:48:42:4842 - [32minfo[39m: [32mConectou ao banco de dados![39m
2023-12-28 13:48:42:4842 - [32minfo[39m: [32mServer is running on port 3000[39m
2023-12-28 13:49:26:4926 - [32minfo[39m: [32mConectou ao banco de dados![39m
2023-12-28 13:49:26:4926 - [32minfo[39m: [32mServer is running on port 3000[39m
2023-12-28 13:49:48:4948 - [32minfo[39m: [32mConectou ao banco de dados![39m
2023-12-28 13:49:48:4948 - [32minfo[39m: [32mServer is running on port 3000[39m
2024-01-02 14:18:31:1831 - [32minfo[39m: [32mConectou ao banco de dados![39m
2024-01-02 14:18:31:1831 - [32minfo[39m: [32mServer is running on port 3000[39m
2024-01-02 14:34:02:342 - [32minfo[39m: [32mConectou ao banco de dados![39m
2024-01-02 14:34:02:342 - [32minfo[39m: [32mServer is running on port 3000[39m
2024-01-02 14:36:00:360 - [32minfo[39m: [32mConectou ao banco de dados![39m
2024-01-02 14:36:00:360 - [32minfo[39m: [32mServer is running on port 3000[39m
2024-01-02 14:37:29:3729 - [32minfo[39m: [32mConectou ao banco de dados![39m
2024-01-02 14:37:29:3729 - [32minfo[39m: [32mServer is running on port 3000[39m
2024-01-02 14:37:40:3740 - [32minfo[39m: [32mConectou ao banco de dados![39m
2024-01-02 14:37:40:3740 - [32minfo[39m: [32mServer is running on port 3000[39m
2024-01-02 14:43:04:434 - [32minfo[39m: [32mConectou ao banco de dados![39m
2024-01-02 14:43:04:434 - [32minfo[39m: [32mServer is running on port 3000[39m
2024-01-03 09:37:14:3714 - [32minfo[39m: [32mConectou ao banco de dados![39m
2024-01-03 09:37:14:3714 - [32minfo[39m: [32mServer is running on port 3000[39m
2024-01-03 09:51:53:5153 - [32minfo[39m: [32mConectou ao banco de dados![39m
2024-01-03 09:51:53:5153 - [32minfo[39m: [32mServer is running on port 3000[39m
2024-01-03 10:02:53:253 - [32minfo[39m: [32mConectou ao banco de dados![39m
2024-01-03 10:02:53:253 - [32minfo[39m: [32mServer is running on port 3000[39m
2024-01-03 10:13:39:1339 - [32minfo[39m: [32mConectou ao banco de dados![39m
2024-01-03 10:13:39:1339 - [32minfo[39m: [32mServer is running on port 3000[39m
2024-01-03 10:15:09:159 - [32minfo[39m: [32mConectou ao banco de dados![39m
2024-01-03 10:15:09:159 - [32minfo[39m: [32mServer is running on port 3000[39m
2024-01-03 10:38:41:3841 - [32minfo[39m: [32mConectou ao banco de dados![39m
2024-01-03 10:38:41:3841 - [32minfo[39m: [32mServer is running on port 3000[39m
2024-01-03 10:51:32:5132 - [32minfo[39m: [32mConectou ao banco de dados![39m
2024-01-03 10:51:32:5132 - [32minfo[39m: [32mServer is running on port 3000[39m
2024-01-03 10:54:46:5446 - [32minfo[39m: [32mConectou ao banco de dados![39m
2024-01-03 10:54:46:5446 - [32minfo[39m: [32mServer is running on port 3000[39m
2024-01-03 10:55:32:5532 - [32minfo[39m: [32mConectou ao banco de dados![39m
2024-01-03 10:55:32:5532 - [32minfo[39m: [32mServer is running on port 3000[39m
2024-01-03 10:55:34:5534 - [32minfo[39m: [32mConectou ao banco de dados![39m
2024-01-03 10:55:34:5534 - [32minfo[39m: [32mServer is running on port 3000[39m
2024-01-03 10:55:42:5542 - [32minfo[39m: [32mConectou ao banco de dados![39m
2024-01-03 10:55:42:5542 - [32minfo[39m: [32mServer is running on port 3000[39m
2024-01-03 10:57:44:5744 - [32minfo[39m: [32mConectou ao banco de dados![39m
2024-01-03 10:57:44:5744 - [32minfo[39m: [32mServer is running on port 3000[39m
2024-01-03 10:58:50:5850 - [31merror[39m: [31mErro no sistema Cast to ObjectId failed for value "65955c0984c7970a" (type string) at path "_id" for model "Movie"[39m
2024-01-03 10:59:54:5954 - [31merror[39m: [31mErro no sistema Cast to ObjectId failed for value "12312312" (type string) at path "_id" for model "Movie"[39m
2024-01-03 11:01:57:157 - [32minfo[39m: [32mConectou ao banco de dados![39m
2024-01-03 11:01:57:157 - [32minfo[39m: [32mServer is running on port 3000[39m
2024-01-03 11:04:05:45 - [31merror[39m: [31mErro no sistema Cast to ObjectId failed for value "12312312" (type string) at path "_id" for model "Movie"[39m
2024-01-03 11:04:34:434 - [31merror[39m: [31mErro no sistema Cast to ObjectId failed for value "12312312" (type string) at path "_id" for model "Movie"[39m
2024-01-03 11:06:32:632 - [32minfo[39m: [32mConectou ao banco de dados![39m
2024-01-03 11:06:32:632 - [32minfo[39m: [32mServer is running on port 3000[39m
2024-01-03 11:09:52:952 - [32minfo[39m: [32mConectou ao banco de dados![39m
2024-01-03 11:09:52:952 - [32minfo[39m: [32mServer is running on port 3000[39m
2024-01-03 11:10:16:1016 - [32minfo[39m: [32mConectou ao banco de dados![39m
2024-01-03 11:10:16:1016 - [32minfo[39m: [32mServer is running on port 3000[39m
2024-01-03 11:11:09:119 - [32minfo[39m: [32mConectou ao banco de dados![39m
2024-01-03 11:11:09:119 - [32minfo[39m: [32mServer is running on port 3000[39m
2024-01-03 11:11:15:1115 - [31merror[39m: [31mErro no sistema Cast to ObjectId failed for value "all" (type string) at path "_id" for model "Movie"[39m
2024-01-03 11:11:53:1153 - [32minfo[39m: [32mConectou ao banco de dados![39m
2024-01-03 11:11:53:1153 - [32minfo[39m: [32mServer is running on port 3000[39m
2024-01-03 11:39:30:3930 - [32minfo[39m: [32mConectou ao banco de dados![39m
2024-01-03 11:39:30:3930 - [32minfo[39m: [32mServer is running on port 3000[39m
2024-01-03 11:41:05:415 - [32minfo[39m: [32mConectou ao banco de dados![39m
2024-01-03 11:41:05:415 - [32minfo[39m: [32mServer is running on port 3000[39m
2024-01-03 11:41:07:417 - [32minfo[39m: [32mConectou ao banco de dados![39m
2024-01-03 11:41:07:417 - [32minfo[39m: [32mServer is running on port 3000[39m
2024-01-03 11:44:13:4413 - [32minfo[39m: [32mConectou ao banco de dados![39m
2024-01-03 11:44:13:4413 - [32minfo[39m: [32mServer is running on port 3000[39m
2024-01-03 11:44:16:4416 - [32minfo[39m: [32mConectou ao banco de dados![39m
2024-01-03 11:44:16:4416 - [32minfo[39m: [32mServer is running on port 3000[39m
2024-01-03 11:46:11:4611 - [32minfo[39m: [32mConectou ao banco de dados![39m
2024-01-03 11:46:11:4611 - [32minfo[39m: [32mServer is running on port 3000[39m
2024-01-03 11:46:44:4644 - [32minfo[39m: [32mConectou ao banco de dados![39m
2024-01-03 11:46:44:4644 - [32minfo[39m: [32mServer is running on port 3000[39m
2024-01-03 11:46:47:4647 - [31merror[39m: [31mErro no sistema movie.delete is not a function[39m
2024-01-03 11:47:08:478 - [31merror[39m: [31mErro no sistema movie.delete is not a function[39m
2024-01-03 11:47:22:4722 - [32minfo[39m: [32mConectou ao banco de dados![39m
2024-01-03 11:47:22:4722 - [32minfo[39m: [32mServer is running on port 3000[39m
2024-01-03 11:52:43:5243 - [32minfo[39m: [32mConectou ao banco de dados![39m
2024-01-03 11:52:43:5243 - [32minfo[39m: [32mServer is running on port 3000[39m
2024-01-03 11:52:46:5246 - [31merror[39m: [31mErro no sistema Cast to ObjectId failed for value "123123231" (type string) at path "_id" for model "Movie"[39m
2024-01-03 11:54:54:5454 - [32minfo[39m: [32mConectou ao banco de dados![39m
2024-01-03 11:54:54:5454 - [32minfo[39m: [32mServer is running on port 3000[39m
2024-01-03 11:59:19:5919 - [32minfo[39m: [32mConectou ao banco de dados![39m
2024-01-03 11:59:19:5919 - [32minfo[39m: [32mServer is running on port 3000[39m
2024-01-03 11:59:35:5935 - [32minfo[39m: [32mConectou ao banco de dados![39m
2024-01-03 11:59:35:5935 - [32minfo[39m: [32mServer is running on port 3000[39m
2024-01-03 12:01:26:126 - [32minfo[39m: [32mConectou ao banco de dados![39m
2024-01-03 12:01:26:126 - [32minfo[39m: [32mServer is running on port 3000[39m
2024-01-03 12:02:11:211 - [32minfo[39m: [32mConectou ao banco de dados![39m
2024-01-03 12:02:11:211 - [32minfo[39m: [32mServer is running on port 3000[39m
